<?xml version="1.0" encoding="UTF-8"?>
<!-- Generated by org.testng.reporters.JUnitReportReporter -->
<testsuite hostname="DESKTOP-PLN6SSO" failures="0" tests="2" name="org.test.Blaze" time="2.481" errors="0" timestamp="02 Apr 2021 11:30:36 GMT" skipped="0">
  <testcase classname="org.test.Blaze" name="tc0" time="1.200"/>
  <testcase classname="org.test.Blaze" name="tc1" time="1.281"/>
</testsuite> <!-- org.test.Blaze -->
